#
# There is insufficient memory for the Java Runtime Environment to continue.
# Native memory allocation (malloc) failed to allocate 1048576 bytes for AllocateHeap
# Possible reasons:
#   The system is out of physical RAM or swap space
#   The process is running with CompressedOops enabled, and the Java Heap may be blocking the growth of the native heap
# Possible solutions:
#   Reduce memory load on the system
#   Increase physical memory or swap space
#   Check if swap backing store is full
#   Decrease Java heap size (-Xmx/-Xms)
#   Decrease number of Java threads
#   Decrease Java thread stack sizes (-Xss)
#   Set larger code cache with -XX:ReservedCodeCacheSize=
#   JVM is running with Unscaled Compressed Oops mode in which the Java heap is
#     placed in the first 4GB address space. The Java Heap base address is the
#     maximum limit for the native heap growth. Please use -XX:HeapBaseMinAddress
#     to set the Java Heap base and to place the Java Heap above 4GB virtual address.
# This output file may be truncated or incomplete.
#
#  Out of Memory Error (./open/src/hotspot/share/memory/allocation.cpp:44), pid=446888, tid=445824
#
# JRE version: OpenJDK Runtime Environment (15.0.2+7) (build 15.0.2+7-27)
# Java VM: OpenJDK 64-Bit Server VM (15.0.2+7-27, mixed mode, sharing, tiered, compressed oops, g1 gc, windows-amd64)
# No core dump will be written. Minidumps are not enabled by default on client versions of Windows
#

---------------  S U M M A R Y ------------

Command Line: -XX:TieredStopAtLevel=1 -Xverify:none -Dspring.output.ansi.enabled=always -Dcom.sun.management.jmxremote -Dspring.jmx.enabled=true -Dspring.liveBeansView.mbeanDomain -Dspring.application.admin.enabled=true -javaagent:C:\Program Files\JetBrains\IntelliJ IDEA 2020.2.3\lib\idea_rt.jar=59716:C:\Program Files\JetBrains\IntelliJ IDEA 2020.2.3\bin -Dfile.encoding=UTF-8 net.cyberdone.commutator.CommutatorApplication

Host: Intel(R) Core(TM) i7-2760QM CPU @ 2.40GHz, 8 cores, 7G,  Windows 10 , 64 bit Build 17763 (10.0.17763.475)
Time: Sun Mar 14 01:16:03 2021 Oeieyiaey (ceia) elapsed time: 2.564609 seconds (0d 0h 0m 2s)

---------------  T H R E A D  ---------------

Current thread (0x0000023a9f28aa10):  VMThread "VM Thread" [stack: 0x000000b8f4400000,0x000000b8f4500000] [id=445824]

Stack: [0x000000b8f4400000,0x000000b8f4500000]
[error occurred during error reporting (printing stack bounds), id 0xc0000005, EXCEPTION_ACCESS_VIOLATION (0xc0000005) at pc=0x0000023a881810ad]

Native frames: (J=compiled Java code, j=interpreted, Vv=VM code, C=native code)
V  [jvm.dll+0x62ae9a]
V  [jvm.dll+0x7817a9]
V  [jvm.dll+0x782f03]
V  [jvm.dll+0x7834c5]
V  [jvm.dll+0x78347b]
V  [jvm.dll+0x62a2b9]
V  [jvm.dll+0x62aa88]
C  [ntdll.dll+0xa477f]
C  [ntdll.dll+0x4bef]
C  [ntdll.dll+0xa34ee]
C  0x0000023a881810ad

VM_Operation (0x000000b8f59f8200): CollectForMetadataAllocation, mode: safepoint, requested by thread 0x0000023aa05c6180


---------------  P R O C E S S  ---------------

Threads class SMR info:
_java_thread_list=0x0000023aa11d1050, length=16, elements={
0x0000023affecb4c0, 0x0000023a9f28e2a0, 0x0000023a9f28ee70, 0x0000023a9fbaa750,
0x0000023a9fbab110, 0x0000023a9fbadae0, 0x0000023a9fbaf4b0, 0x0000023a9fbb3840,
0x0000023a9f271b20, 0x0000023a9ff96230, 0x0000023a9ff97f20, 0x0000023aa0176940,
0x0000023aa054f580, 0x0000023aa057a2b0, 0x0000023aa05e9870, 0x0000023aa05c6180
}

Java Threads: ( => current thread )
  0x0000023affecb4c0 JavaThread "main" [_thread_blocked, id=447380, stack(0x000000b8f3e00000,0x000000b8f3f00000)]
  0x0000023a9f28e2a0 JavaThread "Reference Handler" daemon [_thread_blocked, id=446124, stack(0x000000b8f4500000,0x000000b8f4600000)]
  0x0000023a9f28ee70 JavaThread "Finalizer" daemon [_thread_blocked, id=447088, stack(0x000000b8f4600000,0x000000b8f4700000)]
  0x0000023a9fbaa750 JavaThread "Signal Dispatcher" daemon [_thread_blocked, id=447164, stack(0x000000b8f4700000,0x000000b8f4800000)]
  0x0000023a9fbab110 JavaThread "Attach Listener" daemon [_thread_blocked, id=440620, stack(0x000000b8f4800000,0x000000b8f4900000)]
  0x0000023a9fbadae0 JavaThread "Service Thread" daemon [_thread_blocked, id=445656, stack(0x000000b8f4900000,0x000000b8f4a00000)]
  0x0000023a9fbaf4b0 JavaThread "C1 CompilerThread0" daemon [_thread_blocked, id=444952, stack(0x000000b8f4a00000,0x000000b8f4b00000)]
  0x0000023a9fbb3840 JavaThread "Sweeper thread" daemon [_thread_blocked, id=447240, stack(0x000000b8f4b00000,0x000000b8f4c00000)]
  0x0000023a9f271b20 JavaThread "Common-Cleaner" daemon [_thread_blocked, id=446552, stack(0x000000b8f4c00000,0x000000b8f4d00000)]
  0x0000023a9ff96230 JavaThread "Monitor Ctrl-Break" daemon [_thread_in_native, id=446360, stack(0x000000b8f4d00000,0x000000b8f4e00000)]
  0x0000023a9ff97f20 JavaThread "Notification Thread" daemon [_thread_blocked, id=447448, stack(0x000000b8f4e00000,0x000000b8f4f00000)]
  0x0000023aa0176940 JavaThread "RMI TCP Accept-0" daemon [_thread_in_native, id=446044, stack(0x000000b8f4f00000,0x000000b8f5000000)]
  0x0000023aa054f580 JavaThread "RMI TCP Connection(1)-192.168.214.2" daemon [_thread_in_native, id=447408, stack(0x000000b8f5100000,0x000000b8f5200000)]
  0x0000023aa057a2b0 JavaThread "RMI Scheduler(0)" daemon [_thread_blocked, id=447480, stack(0x000000b8f5600000,0x000000b8f5700000)]
  0x0000023aa05e9870 JavaThread "Thread-0" [_thread_blocked, id=443884, stack(0x000000b8f5800000,0x000000b8f5900000)]
  0x0000023aa05c6180 JavaThread "restartedMain" [_thread_blocked, id=447176, stack(0x000000b8f5900000,0x000000b8f5a00000)]

Other Threads:
=>0x0000023a9f28aa10 VMThread "VM Thread" [stack: 0x000000b8f4400000,0x000000b8f4500000] [id=445824]
  0x0000023affecc5f0 WatcherThread [stack: 0x000000b8f5000000,0x000000b8f5100000] [id=446068]
  0x0000023afe5ce7d0 GCTaskThread "GC Thread#0" [stack: 0x000000b8f3f00000,0x000000b8f4000000] [id=446556]
  0x0000023a9fceee90 GCTaskThread "GC Thread#1" [stack: 0x000000b8f5200000,0x000000b8f5300000] [id=447400]
  0x0000023a9fcecb80 GCTaskThread "GC Thread#2" [stack: 0x000000b8f5300000,0x000000b8f5400000] [id=446492]
  0x0000023a9fced840 GCTaskThread "GC Thread#3" [stack: 0x000000b8f5a00000,0x000000b8f5b00000] [id=446984]
  0x0000023aa11caa00 GCTaskThread "GC Thread#4" [stack: 0x000000b8f5b00000,0x000000b8f5c00000] [id=447040]
  0x0000023aa11ca3a0 GCTaskThread "GC Thread#5" [stack: 0x000000b8f5c00000,0x000000b8f5d00000] [id=446944]
  0x0000023aa11cb6c0 GCTaskThread "GC Thread#6" [stack: 0x000000b8f5d00000,0x000000b8f5e00000] [id=447028]
  0x0000023aa11cad30 GCTaskThread "GC Thread#7" [stack: 0x000000b8f5e00000,0x000000b8f5f00000] [id=446072]
  0x0000023afff171f0 ConcurrentGCThread "G1 Main Marker" [stack: 0x000000b8f4000000,0x000000b8f4100000] [id=445072]
  0x0000023afff189a0 ConcurrentGCThread "G1 Conc#0" [stack: 0x000000b8f4100000,0x000000b8f4200000] [id=445616]
  0x0000023aa11cb9f0 ConcurrentGCThread "G1 Conc#1" [stack: 0x000000b8f5700000,0x000000b8f5800000] [id=444148]
  0x0000023a9f0f0110 ConcurrentGCThread "G1 Refine#0" [stack: 0x000000b8f4200000,0x000000b8f4300000] [id=447412]
  0x0000023aa05408a0 ConcurrentGCThread "G1 Refine#1" [stack: 0x000000b8f5400000,0x000000b8f5500000] [id=447428]
  0x0000023a9fd26130 ConcurrentGCThread "G1 Refine#2" [stack: 0x000000b8f5500000,0x000000b8f5600000] [id=445780]
  0x0000023a9f0f0b20 ConcurrentGCThread "G1 Young RemSet Sampling" [stack: 0x000000b8f4300000,0x000000b8f4400000] [id=443944]

Threads with active compile tasks:
C1 CompilerThread0     2580 2660       1       jdk.internal.loader.BuiltinClassLoader::definePackage (277 bytes)

VM state: at safepoint (normal execution)

VM Mutex/Monitor currently owned by a thread:  ([mutex/lock_event])
[0x0000023affec7e30] Threads_lock - owner thread: 0x0000023a9f28aa10
[0x0000023affec6f90] Heap_lock - owner thread: 0x0000023aa05c6180

Heap address: 0x0000000080c00000, size: 2036 MB, Compressed Oops mode: 32-bit
CDS archive(s) mapped at: [0x0000000800000000-0x0000000800b50000-0x0000000800b50000), size 11862016, SharedBaseAddress: 0x0000000800000000, ArchiveRelocationMode: 0.
Compressed class space mapped at: 0x0000000800b50000-0x0000000840b50000, size: 1073741824
Narrow klass base: 0x0000000800000000, Narrow klass shift: 3, Narrow klass range: 0x100000000

GC Precious Log:
 CPUs: 8 total, 8 available
 Memory: 8142M
 Large Page Support: Disabled
 NUMA Support: Disabled
 Compressed Oops: Enabled (32-bit)
 Heap Region Size: 1M
 Heap Min Capacity: 8M
 Heap Initial Capacity: 128M
 Heap Max Capacity: 2036M
 Pre-touch: Disabled
 Parallel Workers: 8
 Concurrent Workers: 2
 Concurrent Refinement Workers: 8
 Periodic GC: Disabled

Heap:
 garbage-first heap   total 131072K, used 12049K [0x0000000080c00000, 0x0000000100000000)
  region size 1024K, 5 young (5120K), 5 survivors (5120K)
 Metaspace       used 17695K, capacity 18076K, committed 18304K, reserved 1069056K
  class space    used 2296K, capacity 2408K, committed 2432K, reserved 1048576K

Heap Regions: E=young(eden), S=young(survivor), O=old, HS=humongous(starts), HC=humongous(continues), CS=collection set, F=free, OA=open archive, CA=closed archive, TAMS=top-at-mark-start (previous, next)
|   0|0x0000000080c00000, 0x0000000080d00000, 0x0000000080d00000|100%|HS|  |TAMS 0x0000000080c00000, 0x0000000080d00000| Complete 
|   1|0x0000000080d00000, 0x0000000080e00000, 0x0000000080e00000|100%| O|  |TAMS 0x0000000080d00000, 0x0000000080e00000| Untracked 
|   2|0x0000000080e00000, 0x0000000080f00000, 0x0000000080f00000|100%| O|  |TAMS 0x0000000080e00000, 0x0000000080f00000| Untracked 
|   3|0x0000000080f00000, 0x0000000081000000, 0x0000000081000000|100%| O|  |TAMS 0x0000000080f00000, 0x0000000081000000| Untracked 
|   4|0x0000000081000000, 0x0000000081100000, 0x0000000081100000|100%| O|  |TAMS 0x0000000081000000, 0x0000000081100000| Untracked 
|   5|0x0000000081100000, 0x0000000081200000, 0x0000000081200000|100%| O|  |TAMS 0x0000000081100000, 0x0000000081200000| Untracked 
|   6|0x0000000081200000, 0x0000000081300000, 0x0000000081300000|100%| O|  |TAMS 0x0000000081200000, 0x0000000081300000| Untracked 
|   7|0x0000000081300000, 0x0000000081397200, 0x0000000081400000| 59%| O|  |TAMS 0x0000000081300000, 0x0000000081397200| Untracked 
|   8|0x0000000081400000, 0x0000000081400000, 0x0000000081500000|  0%| F|  |TAMS 0x0000000081400000, 0x0000000081400000| Untracked 
|   9|0x0000000081500000, 0x0000000081500000, 0x0000000081600000|  0%| F|  |TAMS 0x0000000081500000, 0x0000000081500000| Untracked 
|  10|0x0000000081600000, 0x0000000081600000, 0x0000000081700000|  0%| F|  |TAMS 0x0000000081600000, 0x0000000081600000| Untracked 
|  11|0x0000000081700000, 0x0000000081700000, 0x0000000081800000|  0%| F|  |TAMS 0x0000000081700000, 0x0000000081700000| Untracked 
|  12|0x0000000081800000, 0x0000000081800000, 0x0000000081900000|  0%| F|  |TAMS 0x0000000081800000, 0x0000000081800000| Untracked 
|  13|0x0000000081900000, 0x0000000081900000, 0x0000000081a00000|  0%| F|  |TAMS 0x0000000081900000, 0x0000000081900000| Untracked 
|  14|0x0000000081a00000, 0x0000000081a00000, 0x0000000081b00000|  0%| F|  |TAMS 0x0000000081a00000, 0x0000000081a00000| Untracked 
|  15|0x0000000081b00000, 0x0000000081b00000, 0x0000000081c00000|  0%| F|  |TAMS 0x0000000081b00000, 0x0000000081b00000| Untracked 
|  16|0x0000000081c00000, 0x0000000081c00000, 0x0000000081d00000|  0%| F|  |TAMS 0x0000000081c00000, 0x0000000081c00000| Untracked 
|  17|0x0000000081d00000, 0x0000000081d00000, 0x0000000081e00000|  0%| F|  |TAMS 0x0000000081d00000, 0x0000000081d00000| Untracked 
|  18|0x0000000081e00000, 0x0000000081e00000, 0x0000000081f00000|  0%| F|  |TAMS 0x0000000081e00000, 0x0000000081e00000| Untracked 
|  19|0x0000000081f00000, 0x0000000081f00000, 0x0000000082000000|  0%| F|  |TAMS 0x0000000081f00000, 0x0000000081f00000| Untracked 
|  20|0x0000000082000000, 0x0000000082000000, 0x0000000082100000|  0%| F|  |TAMS 0x0000000082000000, 0x0000000082000000| Untracked 
|  21|0x0000000082100000, 0x0000000082100000, 0x0000000082200000|  0%| F|  |TAMS 0x0000000082100000, 0x0000000082100000| Untracked 
|  22|0x0000000082200000, 0x0000000082200000, 0x0000000082300000|  0%| F|  |TAMS 0x0000000082200000, 0x0000000082200000| Untracked 
|  23|0x0000000082300000, 0x0000000082300000, 0x0000000082400000|  0%| F|  |TAMS 0x0000000082300000, 0x0000000082300000| Untracked 
|  24|0x0000000082400000, 0x0000000082400000, 0x0000000082500000|  0%| F|  |TAMS 0x0000000082400000, 0x0000000082400000| Untracked 
|  25|0x0000000082500000, 0x0000000082500000, 0x0000000082600000|  0%| F|  |TAMS 0x0000000082500000, 0x0000000082500000| Untracked 
|  26|0x0000000082600000, 0x0000000082600000, 0x0000000082700000|  0%| F|  |TAMS 0x0000000082600000, 0x0000000082600000| Untracked 
|  27|0x0000000082700000, 0x0000000082700000, 0x0000000082800000|  0%| F|  |TAMS 0x0000000082700000, 0x0000000082700000| Untracked 
|  28|0x0000000082800000, 0x0000000082800000, 0x0000000082900000|  0%| F|  |TAMS 0x0000000082800000, 0x0000000082800000| Untracked 
|  29|0x0000000082900000, 0x0000000082900000, 0x0000000082a00000|  0%| F|  |TAMS 0x0000000082900000, 0x0000000082900000| Untracked 
|  30|0x0000000082a00000, 0x0000000082a00000, 0x0000000082b00000|  0%| F|  |TAMS 0x0000000082a00000, 0x0000000082a00000| Untracked 
|  31|0x0000000082b00000, 0x0000000082b00000, 0x0000000082c00000|  0%| F|  |TAMS 0x0000000082b00000, 0x0000000082b00000| Untracked 
|  32|0x0000000082c00000, 0x0000000082c00000, 0x0000000082d00000|  0%| F|  |TAMS 0x0000000082c00000, 0x0000000082c00000| Untracked 
|  33|0x0000000082d00000, 0x0000000082d00000, 0x0000000082e00000|  0%| F|  |TAMS 0x0000000082d00000, 0x0000000082d00000| Untracked 
|  34|0x0000000082e00000, 0x0000000082e00000, 0x0000000082f00000|  0%| F|  |TAMS 0x0000000082e00000, 0x0000000082e00000| Untracked 
|  35|0x0000000082f00000, 0x0000000082f00000, 0x0000000083000000|  0%| F|  |TAMS 0x0000000082f00000, 0x0000000082f00000| Untracked 
|  36|0x0000000083000000, 0x0000000083000000, 0x0000000083100000|  0%| F|  |TAMS 0x0000000083000000, 0x0000000083000000| Untracked 
|  37|0x0000000083100000, 0x0000000083100000, 0x0000000083200000|  0%| F|  |TAMS 0x0000000083100000, 0x0000000083100000| Untracked 
|  38|0x0000000083200000, 0x0000000083200000, 0x0000000083300000|  0%| F|  |TAMS 0x0000000083200000, 0x0000000083200000| Untracked 
|  39|0x0000000083300000, 0x0000000083300000, 0x0000000083400000|  0%| F|  |TAMS 0x0000000083300000, 0x0000000083300000| Untracked 
|  40|0x0000000083400000, 0x0000000083400000, 0x0000000083500000|  0%| F|  |TAMS 0x0000000083400000, 0x0000000083400000| Untracked 
|  41|0x0000000083500000, 0x0000000083500000, 0x0000000083600000|  0%| F|  |TAMS 0x0000000083500000, 0x0000000083500000| Untracked 
|  42|0x0000000083600000, 0x0000000083600000, 0x0000000083700000|  0%| F|  |TAMS 0x0000000083600000, 0x0000000083600000| Untracked 
|  43|0x0000000083700000, 0x0000000083700000, 0x0000000083800000|  0%| F|  |TAMS 0x0000000083700000, 0x0000000083700000| Untracked 
|  44|0x0000000083800000, 0x0000000083800000, 0x0000000083900000|  0%| F|  |TAMS 0x0000000083800000, 0x0000000083800000| Untracked 
|  45|0x0000000083900000, 0x0000000083900000, 0x0000000083a00000|  0%| F|  |TAMS 0x0000000083900000, 0x0000000083900000| Untracked 
|  46|0x0000000083a00000, 0x0000000083a00000, 0x0000000083b00000|  0%| F|  |TAMS 0x0000000083a00000, 0x0000000083a00000| Untracked 
|  47|0x0000000083b00000, 0x0000000083b00000, 0x0000000083c00000|  0%| F|  |TAMS 0x0000000083b00000, 0x0000000083b00000| Untracked 
|  48|0x0000000083c00000, 0x0000000083c00000, 0x0000000083d00000|  0%| F|  |TAMS 0x0000000083c00000, 0x0000000083c00000| Untracked 
|  49|0x0000000083d00000, 0x0000000083d00000, 0x0000000083e00000|  0%| F|  |TAMS 0x0000000083d00000, 0x0000000083d00000| Untracked 
|  50|0x0000000083e00000, 0x0000000083e00000, 0x0000000083f00000|  0%| F|  |TAMS 0x0000000083e00000, 0x0000000083e00000| Untracked 
|  51|0x0000000083f00000, 0x0000000083f00000, 0x0000000084000000|  0%| F|  |TAMS 0x0000000083f00000, 0x0000000083f00000| Untracked 
|  52|0x0000000084000000, 0x0000000084000000, 0x0000000084100000|  0%| F|  |TAMS 0x0000000084000000, 0x0000000084000000| Untracked 
|  53|0x0000000084100000, 0x0000000084100000, 0x0000000084200000|  0%| F|  |TAMS 0x0000000084100000, 0x0000000084100000| Untracked 
|  54|0x0000000084200000, 0x0000000084200000, 0x0000000084300000|  0%| F|  |TAMS 0x0000000084200000, 0x0000000084200000| Untracked 
|  55|0x0000000084300000, 0x0000000084300000, 0x0000000084400000|  0%| F|  |TAMS 0x0000000084300000, 0x0000000084300000| Untracked 
|  56|0x0000000084400000, 0x0000000084400000, 0x0000000084500000|  0%| F|  |TAMS 0x0000000084400000, 0x0000000084400000| Untracked 
|  57|0x0000000084500000, 0x0000000084500000, 0x0000000084600000|  0%| F|  |TAMS 0x0000000084500000, 0x0000000084500000| Untracked 
|  58|0x0000000084600000, 0x0000000084600000, 0x0000000084700000|  0%| F|  |TAMS 0x0000000084600000, 0x0000000084600000| Untracked 
|  59|0x0000000084700000, 0x0000000084700000, 0x0000000084800000|  0%| F|  |TAMS 0x0000000084700000, 0x0000000084700000| Untracked 
|  60|0x0000000084800000, 0x0000000084800000, 0x0000000084900000|  0%| F|  |TAMS 0x0000000084800000, 0x0000000084800000| Untracked 
|  61|0x0000000084900000, 0x0000000084900000, 0x0000000084a00000|  0%| F|  |TAMS 0x0000000084900000, 0x0000000084900000| Untracked 
|  62|0x0000000084a00000, 0x0000000084a00000, 0x0000000084b00000|  0%| F|  |TAMS 0x0000000084a00000, 0x0000000084a00000| Untracked 
|  63|0x0000000084b00000, 0x0000000084b00000, 0x0000000084c00000|  0%| F|  |TAMS 0x0000000084b00000, 0x0000000084b00000| Untracked 
|  64|0x0000000084c00000, 0x0000000084c00000, 0x0000000084d00000|  0%| F|  |TAMS 0x0000000084c00000, 0x0000000084c00000| Untracked 
|  65|0x0000000084d00000, 0x0000000084d00000, 0x0000000084e00000|  0%| F|  |TAMS 0x0000000084d00000, 0x0000000084d00000| Untracked 
|  66|0x0000000084e00000, 0x0000000084e00000, 0x0000000084f00000|  0%| F|  |TAMS 0x0000000084e00000, 0x0000000084e00000| Untracked 
|  67|0x0000000084f00000, 0x0000000084f00000, 0x0000000085000000|  0%| F|  |TAMS 0x0000000084f00000, 0x0000000084f00000| Untracked 
|  68|0x0000000085000000, 0x0000000085000000, 0x0000000085100000|  0%| F|  |TAMS 0x0000000085000000, 0x0000000085000000| Untracked 
|  69|0x0000000085100000, 0x0000000085100000, 0x0000000085200000|  0%| F|  |TAMS 0x0000000085100000, 0x0000000085100000| Untracked 
|  70|0x0000000085200000, 0x0000000085200000, 0x0000000085300000|  0%| F|  |TAMS 0x0000000085200000, 0x0000000085200000| Untracked 
|  71|0x0000000085300000, 0x0000000085300000, 0x0000000085400000|  0%| F|  |TAMS 0x0000000085300000, 0x0000000085300000| Untracked 
|  72|0x0000000085400000, 0x0000000085400000, 0x0000000085500000|  0%| F|  |TAMS 0x0000000085400000, 0x0000000085400000| Untracked 
|  73|0x0000000085500000, 0x0000000085500000, 0x0000000085600000|  0%| F|  |TAMS 0x0000000085500000, 0x0000000085500000| Untracked 
|  74|0x0000000085600000, 0x0000000085600000, 0x0000000085700000|  0%| F|  |TAMS 0x0000000085600000, 0x0000000085600000| Untracked 
|  75|0x0000000085700000, 0x0000000085700000, 0x0000000085800000|  0%| F|  |TAMS 0x0000000085700000, 0x0000000085700000| Untracked 
|  76|0x0000000085800000, 0x0000000085800000, 0x0000000085900000|  0%| F|  |TAMS 0x0000000085800000, 0x0000000085800000| Untracked 
|  77|0x0000000085900000, 0x0000000085900000, 0x0000000085a00000|  0%| F|  |TAMS 0x0000000085900000, 0x0000000085900000| Untracked 
|  78|0x0000000085a00000, 0x0000000085a00000, 0x0000000085b00000|  0%| F|  |TAMS 0x0000000085a00000, 0x0000000085a00000| Untracked 
|  79|0x0000000085b00000, 0x0000000085b00000, 0x0000000085c00000|  0%| F|  |TAMS 0x0000000085b00000, 0x0000000085b00000| Untracked 
|  80|0x0000000085c00000, 0x0000000085c00000, 0x0000000085d00000|  0%| F|  |TAMS 0x0000000085c00000, 0x0000000085c00000| Untracked 
|  81|0x0000000085d00000, 0x0000000085d00000, 0x0000000085e00000|  0%| F|  |TAMS 0x0000000085d00000, 0x0000000085d00000| Untracked 
|  82|0x0000000085e00000, 0x0000000085e00000, 0x0000000085f00000|  0%| F|  |TAMS 0x0000000085e00000, 0x0000000085e00000| Untracked 
|  83|0x0000000085f00000, 0x0000000085f00000, 0x0000000086000000|  0%| F|  |TAMS 0x0000000085f00000, 0x0000000085f00000| Untracked 
|  84|0x0000000086000000, 0x000000008602d228, 0x0000000086100000| 17%| S|CS|TAMS 0x0000000086000000, 0x0000000086000000| Complete 
|  85|0x0000000086100000, 0x0000000086200000, 0x0000000086200000|100%| S|CS|TAMS 0x0000000086100000, 0x0000000086100000| Complete 
|  86|0x0000000086200000, 0x0000000086300000, 0x0000000086300000|100%| S|CS|TAMS 0x0000000086200000, 0x0000000086200000| Complete 
|  87|0x0000000086300000, 0x0000000086400000, 0x0000000086400000|100%| S|CS|TAMS 0x0000000086300000, 0x0000000086300000| Complete 
|  88|0x0000000086400000, 0x0000000086500000, 0x0000000086500000|100%| S|CS|TAMS 0x0000000086400000, 0x0000000086400000| Complete 
|  89|0x0000000086500000, 0x0000000086500000, 0x0000000086600000|  0%| F|  |TAMS 0x0000000086500000, 0x0000000086500000| Untracked 
|  90|0x0000000086600000, 0x0000000086600000, 0x0000000086700000|  0%| F|  |TAMS 0x0000000086600000, 0x0000000086600000| Untracked 
|  91|0x0000000086700000, 0x0000000086700000, 0x0000000086800000|  0%| F|  |TAMS 0x0000000086700000, 0x0000000086700000| Untracked 
|  92|0x0000000086800000, 0x0000000086800000, 0x0000000086900000|  0%| F|  |TAMS 0x0000000086800000, 0x0000000086800000| Untracked 
|  93|0x0000000086900000, 0x0000000086900000, 0x0000000086a00000|  0%| F|  |TAMS 0x0000000086900000, 0x0000000086900000| Untracked 
|  94|0x0000000086a00000, 0x0000000086a00000, 0x0000000086b00000|  0%| F|  |TAMS 0x0000000086a00000, 0x0000000086a00000| Untracked 
|  95|0x0000000086b00000, 0x0000000086b00000, 0x0000000086c00000|  0%| F|  |TAMS 0x0000000086b00000, 0x0000000086b00000| Untracked 
|  96|0x0000000086c00000, 0x0000000086c00000, 0x0000000086d00000|  0%| F|  |TAMS 0x0000000086c00000, 0x0000000086c00000| Untracked 
|  97|0x0000000086d00000, 0x0000000086d00000, 0x0000000086e00000|  0%| F|  |TAMS 0x0000000086d00000, 0x0000000086d00000| Untracked 
|  98|0x0000000086e00000, 0x0000000086e00000, 0x0000000086f00000|  0%| F|  |TAMS 0x0000000086e00000, 0x0000000086e00000| Untracked 
|  99|0x0000000086f00000, 0x0000000086f00000, 0x0000000087000000|  0%| F|  |TAMS 0x0000000086f00000, 0x0000000086f00000| Untracked 
| 100|0x0000000087000000, 0x0000000087000000, 0x0000000087100000|  0%| F|  |TAMS 0x0000000087000000, 0x0000000087000000| Untracked 
| 101|0x0000000087100000, 0x0000000087100000, 0x0000000087200000|  0%| F|  |TAMS 0x0000000087100000, 0x0000000087100000| Untracked 
| 102|0x0000000087200000, 0x0000000087200000, 0x0000000087300000|  0%| F|  |TAMS 0x0000000087200000, 0x0000000087200000| Untracked 
| 103|0x0000000087300000, 0x0000000087300000, 0x0000000087400000|  0%| F|  |TAMS 0x0000000087300000, 0x0000000087300000| Untracked 
| 104|0x0000000087400000, 0x0000000087400000, 0x0000000087500000|  0%| F|  |TAMS 0x0000000087400000, 0x0000000087400000| Untracked 
| 105|0x0000000087500000, 0x0000000087500000, 0x0000000087600000|  0%| F|  |TAMS 0x0000000087500000, 0x0000000087500000| Untracked 
| 106|0x0000000087600000, 0x0000000087600000, 0x0000000087700000|  0%| F|  |TAMS 0x0000000087600000, 0x0000000087600000| Untracked 
| 107|0x0000000087700000, 0x0000000087700000, 0x0000000087800000|  0%| F|  |TAMS 0x0000000087700000, 0x0000000087700000| Untracked 
| 108|0x0000000087800000, 0x0000000087800000, 0x0000000087900000|  0%| F|  |TAMS 0x0000000087800000, 0x0000000087800000| Untracked 
| 109|0x0000000087900000, 0x0000000087900000, 0x0000000087a00000|  0%| F|  |TAMS 0x0000000087900000, 0x0000000087900000| Untracked 
| 110|0x0000000087a00000, 0x0000000087a00000, 0x0000000087b00000|  0%| F|  |TAMS 0x0000000087a00000, 0x0000000087a00000| Untracked 
| 111|0x0000000087b00000, 0x0000000087b00000, 0x0000000087c00000|  0%| F|  |TAMS 0x0000000087b00000, 0x0000000087b00000| Untracked 
| 112|0x0000000087c00000, 0x0000000087c00000, 0x0000000087d00000|  0%| F|  |TAMS 0x0000000087c00000, 0x0000000087c00000| Untracked 
| 113|0x0000000087d00000, 0x0000000087d00000, 0x0000000087e00000|  0%| F|  |TAMS 0x0000000087d00000, 0x0000000087d00000| Untracked 
| 114|0x0000000087e00000, 0x0000000087e00000, 0x0000000087f00000|  0%| F|  |TAMS 0x0000000087e00000, 0x0000000087e00000| Untracked 
| 115|0x0000000087f00000, 0x0000000087f00000, 0x0000000088000000|  0%| F|  |TAMS 0x0000000087f00000, 0x0000000087f00000| Untracked 
| 116|0x0000000088000000, 0x0000000088000000, 0x0000000088100000|  0%| F|  |TAMS 0x0000000088000000, 0x0000000088000000| Untracked 
| 117|0x0000000088100000, 0x0000000088100000, 0x0000000088200000|  0%| F|  |TAMS 0x0000000088100000, 0x0000000088100000| Untracked 
| 118|0x0000000088200000, 0x0000000088200000, 0x0000000088300000|  0%| F|  |TAMS 0x0000000088200000, 0x0000000088200000| Untracked 
| 119|0x0000000088300000, 0x0000000088300000, 0x0000000088400000|  0%| F|  |TAMS 0x0000000088300000, 0x0000000088300000| Untracked 
| 120|0x0000000088400000, 0x0000000088400000, 0x0000000088500000|  0%| F|  |TAMS 0x0000000088400000, 0x0000000088400000| Untracked 
| 121|0x0000000088500000, 0x0000000088500000, 0x0000000088600000|  0%| F|  |TAMS 0x0000000088500000, 0x0000000088500000| Untracked 
| 122|0x0000000088600000, 0x0000000088600000, 0x0000000088700000|  0%| F|  |TAMS 0x0000000088600000, 0x0000000088600000| Untracked 
| 123|0x0000000088700000, 0x0000000088700000, 0x0000000088800000|  0%| F|  |TAMS 0x0000000088700000, 0x0000000088700000| Untracked 
| 124|0x0000000088800000, 0x0000000088800000, 0x0000000088900000|  0%| F|  |TAMS 0x0000000088800000, 0x0000000088800000| Untracked 
| 125|0x0000000088900000, 0x0000000088900000, 0x0000000088a00000|  0%| F|  |TAMS 0x0000000088900000, 0x0000000088900000| Untracked 
| 126|0x0000000088a00000, 0x0000000088a00000, 0x0000000088b00000|  0%| F|  |TAMS 0x0000000088a00000, 0x0000000088a00000| Untracked 
| 127|0x0000000088b00000, 0x0000000088b00000, 0x0000000088c00000|  0%| F|  |TAMS 0x0000000088b00000, 0x0000000088b00000| Untracked 

Card table byte_map: [0x0000023a97ff0000,0x0000023a983f0000] _byte_map_base: 0x0000023a97bea000

Marking Bits (Prev, Next): (CMBitMap*) 0x0000023afff06a10, (CMBitMap*) 0x0000023afff06a50
 Prev Bits: [0x0000023a987f0000, 0x0000023a9a7c0000)
 Next Bits: [0x0000023a9a7c0000, 0x0000023a9c790000)

Polling page: 0x0000023a88160000

Metaspace:

Usage:
  Non-class:     15.30 MB capacity,    15.04 MB ( 98%) used,   235.14 KB (  2%) free+waste,    34.44 KB ( <1%) overhead. 
      Class:      2.35 MB capacity,     2.24 MB ( 95%) used,    95.70 KB (  4%) free+waste,    15.31 KB ( <1%) overhead. 
       Both:     17.65 MB capacity,    17.28 MB ( 98%) used,   330.84 KB (  2%) free+waste,    49.75 KB ( <1%) overhead. 

Virtual space:
  Non-class space:       20.00 MB reserved,      15.50 MB ( 78%) committed 
      Class space:        1.00 GB reserved,       2.38 MB ( <1%) committed 
             Both:        1.02 GB reserved,      17.88 MB (  2%) committed 

Chunk freelists:
   Non-Class:  12.00 KB
       Class:  24.00 KB
        Both:  36.00 KB

MaxMetaspaceSize: 17179869184.00 GB
CompressedClassSpaceSize: 1.00 GB

CodeHeap 'non-profiled nmethods': size=238336Kb used=4026Kb max_used=4026Kb free=234309Kb
 bounds [0x0000023a888c0000, 0x0000023a88cb0000, 0x0000023a97180000]
CodeHeap 'non-nmethods': size=7424Kb used=1209Kb max_used=1209Kb free=6214Kb
 bounds [0x0000023a88180000, 0x0000023a883f0000, 0x0000023a888c0000]
 total_blobs=3137 nmethods=2659 adapters=405
 compilation: enabled
              stopped_count=0, restarted_count=0
 full_count=0

Compilation events (20 events):
Event: 2.549 Thread 0x0000023a9fbaf4b0 nmethod 2653 0x0000023a88ca8b10 code [0x0000023a88ca8d80, 0x0000023a88ca9448]
Event: 2.549 Thread 0x0000023a9fbaf4b0 2654       1       org.springframework.util.Assert::notNull (17 bytes)
Event: 2.549 Thread 0x0000023a9fbaf4b0 nmethod 2654 0x0000023a88ca9810 code [0x0000023a88ca99c0, 0x0000023a88ca9b58]
Event: 2.549 Thread 0x0000023a9fbaf4b0 2655       1       org.springframework.core.annotation.AnnotationAttributes::getRequiredAttribute (79 bytes)
Event: 2.550 Thread 0x0000023a9fbaf4b0 nmethod 2655 0x0000023a88ca9c90 code [0x0000023a88ca9f00, 0x0000023a88caa578]
Event: 2.550 Thread 0x0000023a9fbaf4b0 2656       1       org.springframework.core.annotation.AnnotationAttributes::assertAttributePresence (12 bytes)
Event: 2.550 Thread 0x0000023a9fbaf4b0 nmethod 2656 0x0000023a88caaa10 code [0x0000023a88caabe0, 0x0000023a88caaec8]
Event: 2.550 Thread 0x0000023a9fbaf4b0 2652       1       java.lang.Enum::valueOf (73 bytes)
Event: 2.551 Thread 0x0000023a9fbaf4b0 nmethod 2652 0x0000023a88cab090 code [0x0000023a88cab2e0, 0x0000023a88cab858]
Event: 2.551 Thread 0x0000023a9fbaf4b0 2657   !   1       sun.reflect.annotation.AnnotationParser::parseEnumValue (155 bytes)
Event: 2.552 Thread 0x0000023a9fbaf4b0 nmethod 2657 0x0000023a88cabb10 code [0x0000023a88cabe00, 0x0000023a88cac7f8]
Event: 2.552 Thread 0x0000023a9fbaf4b0 2658       1       java.util.Collections$SetFromMap::isEmpty (10 bytes)
Event: 2.553 Thread 0x0000023a9fbaf4b0 nmethod 2658 0x0000023a88cace90 code [0x0000023a88cad020, 0x0000023a88cad108]
Event: 2.553 Thread 0x0000023a9fbaf4b0 2650       1       org.springframework.util.ClassUtils::getQualifiedName (11 bytes)
Event: 2.553 Thread 0x0000023a9fbaf4b0 nmethod 2650 0x0000023a88cad190 code [0x0000023a88cad340, 0x0000023a88cad478]
Event: 2.553 Thread 0x0000023a9fbaf4b0 2651       1       java.lang.Boolean::hashCode (14 bytes)
Event: 2.553 Thread 0x0000023a9fbaf4b0 nmethod 2651 0x0000023a88cad590 code [0x0000023a88cad720, 0x0000023a88cad7d8]
Event: 2.553 Thread 0x0000023a9fbaf4b0 2659   !   1       org.springframework.beans.BeanUtils::instantiateClass (84 bytes)
Event: 2.554 Thread 0x0000023a9fbaf4b0 nmethod 2659 0x0000023a88cad890 code [0x0000023a88cadb00, 0x0000023a88cae268]
Event: 2.554 Thread 0x0000023a9fbaf4b0 2660       1       jdk.internal.loader.BuiltinClassLoader::definePackage (277 bytes)

GC Heap History (8 events):
Event: 1.118 GC heap before
{Heap before GC invocations=0 (full 0):
 garbage-first heap   total 131072K, used 24576K [0x0000000080c00000, 0x0000000100000000)
  region size 1024K, 23 young (23552K), 0 survivors (0K)
 Metaspace       used 6993K, capacity 7202K, committed 7296K, reserved 1056768K
  class space    used 830K, capacity 880K, committed 896K, reserved 1048576K
}
Event: 1.129 GC heap after
{Heap after GC invocations=1 (full 0):
 garbage-first heap   total 131072K, used 7723K [0x0000000080c00000, 0x0000000100000000)
  region size 1024K, 3 young (3072K), 3 survivors (3072K)
 Metaspace       used 6993K, capacity 7202K, committed 7296K, reserved 1056768K
  class space    used 830K, capacity 880K, committed 896K, reserved 1048576K
}
Event: 1.142 GC heap before
{Heap before GC invocations=1 (full 0):
 garbage-first heap   total 131072K, used 32299K [0x0000000080c00000, 0x0000000100000000)
  region size 1024K, 28 young (28672K), 3 survivors (3072K)
 Metaspace       used 7128K, capacity 7365K, committed 7680K, reserved 1056768K
  class space    used 850K, capacity 913K, committed 1024K, reserved 1048576K
}
Event: 1.148 GC heap after
{Heap after GC invocations=2 (full 0):
 garbage-first heap   total 131072K, used 8081K [0x0000000080c00000, 0x0000000100000000)
  region size 1024K, 1 young (1024K), 1 survivors (1024K)
 Metaspace       used 7128K, capacity 7365K, committed 7680K, reserved 1056768K
  class space    used 850K, capacity 913K, committed 1024K, reserved 1048576K
}
Event: 2.034 GC heap before
{Heap before GC invocations=2 (full 0):
 garbage-first heap   total 131072K, used 83857K [0x0000000080c00000, 0x0000000100000000)
  region size 1024K, 76 young (77824K), 1 survivors (1024K)
 Metaspace       used 15905K, capacity 16232K, committed 16256K, reserved 1062912K
  class space    used 2059K, capacity 2164K, committed 2176K, reserved 1048576K
}
Event: 2.040 GC heap after
{Heap after GC invocations=3 (full 0):
 garbage-first heap   total 131072K, used 10776K [0x0000000080c00000, 0x0000000100000000)
  region size 1024K, 3 young (3072K), 3 survivors (3072K)
 Metaspace       used 15905K, capacity 16232K, committed 16256K, reserved 1062912K
  class space    used 2059K, capacity 2164K, committed 2176K, reserved 1048576K
}
Event: 2.556 GC heap before
{Heap before GC invocations=3 (full 0):
 garbage-first heap   total 131072K, used 48664K [0x0000000080c00000, 0x0000000100000000)
  region size 1024K, 42 young (43008K), 3 survivors (3072K)
 Metaspace       used 17695K, capacity 18076K, committed 18304K, reserved 1069056K
  class space    used 2296K, capacity 2408K, committed 2432K, reserved 1048576K
}
Event: 2.562 GC heap after
{Heap after GC invocations=4 (full 0):
 garbage-first heap   total 131072K, used 12049K [0x0000000080c00000, 0x0000000100000000)
  region size 1024K, 5 young (5120K), 5 survivors (5120K)
 Metaspace       used 17695K, capacity 18076K, committed 18304K, reserved 1069056K
  class space    used 2296K, capacity 2408K, committed 2432K, reserved 1048576K
}

Deoptimization events (0 events):
No events

Classes unloaded (0 events):
No events

Classes redefined (0 events):
No events

Internal exceptions (20 events):
Event: 1.822 Thread 0x0000023aa06b0ac0 Exception <a 'java/lang/IncompatibleClassChangeError'{0x0000000085c2aa10}: Found class java.lang.Object, but interface was expected> (0x0000000085c2aa10) 
thrown [./open/src/hotspot/share/interpreter/linkResolver.cpp, line 848]
Event: 1.836 Thread 0x0000023aa06b0ac0 Exception <a 'java/lang/NoSuchMethodError'{0x0000000085b20688}: 'java.lang.Object java.lang.invoke.DirectMethodHandle$Holder.invokeVirtual(java.lang.Object, java.lang.Object, java.lang.Object, java.lang.Object)'> (0x0000000085b20688) 
thrown [./open/src/hotspot/share/interpreter/linkResolver.cpp, line 782]
Event: 1.867 Thread 0x0000023aa05c6180 Exception <a 'java/lang/ClassNotFoundException'{0x0000000085a58ae0}: java/lang/ObjectCustomizer> (0x0000000085a58ae0) 
thrown [./open/src/hotspot/share/classfile/systemDictionary.cpp, line 295]
Event: 1.870 Thread 0x0000023aa05c6180 Exception <a 'java/lang/IncompatibleClassChangeError'{0x0000000085a5d840}: Found class java.lang.Object, but interface was expected> (0x0000000085a5d840) 
thrown [./open/src/hotspot/share/interpreter/linkResolver.cpp, line 848]
Event: 1.879 Thread 0x0000023aa05c6180 Exception <a 'java/lang/ClassNotFoundException'{0x0000000085a7fc18}: org/springframework/context/annotation/ConfigurationClassPostProcessorCustomizer> (0x0000000085a7fc18) 
thrown [./open/src/hotspot/share/classfile/systemDictionary.cpp, line 295]
Event: 1.884 Thread 0x0000023aa05c6180 Exception <a 'java/lang/ClassNotFoundException'{0x0000000085aa4c38}: org/springframework/beans/factory/support/BeanDefinitionRegistryPostProcessorCustomizer> (0x0000000085aa4c38) 
thrown [./open/src/hotspot/share/classfile/systemDictionary.cpp, line 295]
Event: 1.884 Thread 0x0000023aa05c6180 Exception <a 'java/lang/ClassNotFoundException'{0x0000000085aaab08}: org/springframework/beans/factory/config/BeanFactoryPostProcessorCustomizer> (0x0000000085aaab08) 
thrown [./open/src/hotspot/share/classfile/systemDictionary.cpp, line 295]
Event: 1.885 Thread 0x0000023aa05c6180 Exception <a 'java/lang/ClassNotFoundException'{0x0000000085ab06d8}: org/springframework/core/PriorityOrderedCustomizer> (0x0000000085ab06d8) 
thrown [./open/src/hotspot/share/classfile/systemDictionary.cpp, line 295]
Event: 1.885 Thread 0x0000023aa05c6180 Exception <a 'java/lang/ClassNotFoundException'{0x0000000085ab4e98}: org/springframework/core/OrderedCustomizer> (0x0000000085ab4e98) 
thrown [./open/src/hotspot/share/classfile/systemDictionary.cpp, line 295]
Event: 1.886 Thread 0x0000023aa05c6180 Exception <a 'java/lang/ClassNotFoundException'{0x0000000085aba920}: org/springframework/context/ResourceLoaderAwareCustomizer> (0x0000000085aba920) 
thrown [./open/src/hotspot/share/classfile/systemDictionary.cpp, line 295]
Event: 1.887 Thread 0x0000023aa05c6180 Exception <a 'java/lang/ClassNotFoundException'{0x0000000085ac0488}: org/springframework/beans/factory/AwareCustomizer> (0x0000000085ac0488) 
thrown [./open/src/hotspot/share/classfile/systemDictionary.cpp, line 295]
Event: 1.887 Thread 0x0000023aa05c6180 Exception <a 'java/lang/ClassNotFoundException'{0x0000000085ac5038}: org/springframework/context/ApplicationStartupAwareCustomizer> (0x0000000085ac5038) 
thrown [./open/src/hotspot/share/classfile/systemDictionary.cpp, line 295]
Event: 1.888 Thread 0x0000023aa05c6180 Exception <a 'java/lang/ClassNotFoundException'{0x0000000085acae18}: org/springframework/beans/factory/AwareCustomizer> (0x0000000085acae18) 
thrown [./open/src/hotspot/share/classfile/systemDictionary.cpp, line 295]
Event: 1.888 Thread 0x0000023aa05c6180 Exception <a 'java/lang/ClassNotFoundException'{0x0000000085acfa38}: org/springframework/beans/factory/BeanClassLoaderAwareCustomizer> (0x0000000085acfa38) 
thrown [./open/src/hotspot/share/classfile/systemDictionary.cpp, line 295]
Event: 1.889 Thread 0x0000023aa05c6180 Exception <a 'java/lang/ClassNotFoundException'{0x0000000085ad55b8}: org/springframework/beans/factory/AwareCustomizer> (0x0000000085ad55b8) 
thrown [./open/src/hotspot/share/classfile/systemDictionary.cpp, line 295]
Event: 1.889 Thread 0x0000023aa05c6180 Exception <a 'java/lang/ClassNotFoundException'{0x0000000085ad9f00}: org/springframework/context/EnvironmentAwareCustomizer> (0x0000000085ad9f00) 
thrown [./open/src/hotspot/share/classfile/systemDictionary.cpp, line 295]
Event: 1.890 Thread 0x0000023aa05c6180 Exception <a 'java/lang/ClassNotFoundException'{0x0000000085adf9f8}: org/springframework/beans/factory/AwareCustomizer> (0x0000000085adf9f8) 
thrown [./open/src/hotspot/share/classfile/systemDictionary.cpp, line 295]
Event: 2.097 Thread 0x0000023aa05c6180 Exception <a 'java/lang/IncompatibleClassChangeError'{0x0000000087bc6140}: Found class java.lang.Object, but interface was expected> (0x0000000087bc6140) 
thrown [./open/src/hotspot/share/interpreter/linkResolver.cpp, line 848]
Event: 2.146 Thread 0x0000023aa05c6180 Exception <a 'java/lang/NoSuchMethodError'{0x0000000087973ee0}: 'void java.lang.invoke.DirectMethodHandle$Holder.invokeInterface(java.lang.Object, java.lang.Object, java.lang.Object, java.lang.Object)'> (0x0000000087973ee0) 
thrown [./open/src/hotspot/share/interpreter/linkResolver.cpp, line 782]
Event: 2.228 Thread 0x0000023aa054f580 Exception <a 'java/lang/reflect/InvocationTargetException'{0x0000000087509738}> (0x0000000087509738) 
thrown [./open/src/hotspot/share/runtime/reflection.cpp, line 1157]

Events (20 events):
Event: 2.040 Executing VM operation: G1CollectForAllocation done
Event: 2.040 Executing VM operation: HandshakeAllThreads
Event: 2.040 Executing VM operation: HandshakeAllThreads done
Event: 2.055 loading class javax/naming/ldap/LdapContext
Event: 2.055 loading class javax/naming/directory/DirContext
Event: 2.055 loading class javax/naming/directory/DirContext done
Event: 2.055 loading class javax/naming/ldap/LdapContext done
Event: 2.084 Thread 0x0000023aa10b7570 Thread exited: 0x0000023aa10b7570
Event: 2.139 Loaded shared library C:\Users\Ostap\.jdks\openjdk-15.0.2\bin\java.dll
Event: 2.223 Thread 0x0000023aa10b7570 Thread added: 0x0000023aa10b7570
Event: 2.230 Thread 0x0000023aa10b7570 Thread exited: 0x0000023aa10b7570
Event: 2.481 Executing VM operation: HandshakeAllThreads
Event: 2.481 Executing VM operation: HandshakeAllThreads done
Event: 2.521 Executing VM operation: ICBufferFull
Event: 2.521 Executing VM operation: ICBufferFull done
Event: 2.521 Executing VM operation: HandshakeAllThreads
Event: 2.521 Executing VM operation: HandshakeAllThreads done
Event: 2.553 Executing VM operation: CollectForMetadataAllocation
Event: 2.554 Executing VM operation: CollectForMetadataAllocation done
Event: 2.556 Executing VM operation: CollectForMetadataAllocation


Dynamic libraries:
0x00007ff6d1000000 - 0x00007ff6d100d000 	C:\Users\Ostap\.jdks\openjdk-15.0.2\bin\java.exe
0x00007ffd37490000 - 0x00007ffd3767d000 	C:\Windows\SYSTEM32\ntdll.dll
0x00007ffd37300000 - 0x00007ffd373b3000 	C:\Windows\System32\KERNEL32.DLL
0x00007ffd33890000 - 0x00007ffd33b23000 	C:\Windows\System32\KERNELBASE.dll
0x00007ffd34460000 - 0x00007ffd3455a000 	C:\Windows\System32\ucrtbase.dll
0x00007ffd2ce10000 - 0x00007ffd2ce28000 	C:\Users\Ostap\.jdks\openjdk-15.0.2\bin\jli.dll
0x00007ffd2ed80000 - 0x00007ffd2ed99000 	C:\Users\Ostap\.jdks\openjdk-15.0.2\bin\VCRUNTIME140.dll
0x00007ffd36e80000 - 0x00007ffd37017000 	C:\Windows\System32\USER32.dll
0x00007ffd34580000 - 0x00007ffd345a0000 	C:\Windows\System32\win32u.dll
0x00007ffd27560000 - 0x00007ffd277d9000 	C:\Windows\WinSxS\amd64_microsoft.windows.common-controls_6595b64144ccf1df_6.0.17763.615_none_05b4414a072024d4\COMCTL32.dll
0x00007ffd34d70000 - 0x00007ffd34d99000 	C:\Windows\System32\GDI32.dll
0x00007ffd37260000 - 0x00007ffd372fe000 	C:\Windows\System32\msvcrt.dll
0x00007ffd33690000 - 0x00007ffd33829000 	C:\Windows\System32\gdi32full.dll
0x00007ffd34620000 - 0x00007ffd346c0000 	C:\Windows\System32\msvcp_win.dll
0x00007ffd36aa0000 - 0x00007ffd36dcc000 	C:\Windows\System32\combase.dll
0x00007ffd36590000 - 0x00007ffd366b2000 	C:\Windows\System32\RPCRT4.dll
0x00007ffd345a0000 - 0x00007ffd3461e000 	C:\Windows\System32\bcryptPrimitives.dll
0x00007ffd364a0000 - 0x00007ffd364ce000 	C:\Windows\System32\IMM32.DLL
0x00007ffd30210000 - 0x00007ffd3021c000 	C:\Users\Ostap\.jdks\openjdk-15.0.2\bin\vcruntime140_1.dll
0x00007ffd2cca0000 - 0x00007ffd2cd31000 	C:\Users\Ostap\.jdks\openjdk-15.0.2\bin\msvcp140.dll
0x00007ffd004a0000 - 0x00007ffd00ffe000 	C:\Users\Ostap\.jdks\openjdk-15.0.2\bin\server\jvm.dll
0x00007ffd364d0000 - 0x00007ffd36573000 	C:\Windows\System32\ADVAPI32.dll
0x00007ffd373c0000 - 0x00007ffd3745e000 	C:\Windows\System32\sechost.dll
0x00007ffd34c10000 - 0x00007ffd34c18000 	C:\Windows\System32\PSAPI.DLL
0x00007ffd24540000 - 0x00007ffd24549000 	C:\Windows\SYSTEM32\WSOCK32.dll
0x00007ffd34720000 - 0x00007ffd3478d000 	C:\Windows\System32\WS2_32.dll
0x00007ffd256f0000 - 0x00007ffd25714000 	C:\Windows\SYSTEM32\WINMM.dll
0x00007ffd2e980000 - 0x00007ffd2e98a000 	C:\Windows\SYSTEM32\VERSION.dll
0x00007ffd256c0000 - 0x00007ffd256ed000 	C:\Windows\SYSTEM32\WINMMBASE.dll
0x00007ffd33640000 - 0x00007ffd3368a000 	C:\Windows\System32\cfgmgr32.dll
0x00007ffd33540000 - 0x00007ffd33551000 	C:\Windows\System32\kernel.appcore.dll
0x00007ffd2d110000 - 0x00007ffd2d11a000 	C:\Users\Ostap\.jdks\openjdk-15.0.2\bin\jimage.dll
0x00007ffd284f0000 - 0x00007ffd286dd000 	C:\Windows\SYSTEM32\DBGHELP.DLL
0x00007ffd281d0000 - 0x00007ffd281fa000 	C:\Windows\SYSTEM32\dbgcore.DLL
0x00007ffd2cdd0000 - 0x00007ffd2cdde000 	C:\Users\Ostap\.jdks\openjdk-15.0.2\bin\instrument.dll
0x00007ffd2cde0000 - 0x00007ffd2ce05000 	C:\Users\Ostap\.jdks\openjdk-15.0.2\bin\java.dll
0x00007ffd34da0000 - 0x00007ffd36290000 	C:\Windows\System32\SHELL32.dll
0x00007ffd36dd0000 - 0x00007ffd36e78000 	C:\Windows\System32\shcore.dll
0x00007ffd33d10000 - 0x00007ffd3445a000 	C:\Windows\System32\windows.storage.dll
0x00007ffd33510000 - 0x00007ffd33534000 	C:\Windows\System32\profapi.dll
0x00007ffd334b0000 - 0x00007ffd3350d000 	C:\Windows\System32\powrprof.dll
0x00007ffd346c0000 - 0x00007ffd34712000 	C:\Windows\System32\shlwapi.dll
0x00007ffd34560000 - 0x00007ffd34577000 	C:\Windows\System32\cryptsp.dll
0x00007ffd2cc80000 - 0x00007ffd2cc98000 	C:\Users\Ostap\.jdks\openjdk-15.0.2\bin\zip.dll
0x00007ffd2cdb0000 - 0x00007ffd2cdc9000 	C:\Users\Ostap\.jdks\openjdk-15.0.2\bin\net.dll
0x00007ffd2c210000 - 0x00007ffd2c302000 	C:\Windows\SYSTEM32\WINHTTP.dll
0x00007ffd32d00000 - 0x00007ffd32d67000 	C:\Windows\system32\mswsock.dll
0x00007ffd2cd90000 - 0x00007ffd2cda2000 	C:\Users\Ostap\.jdks\openjdk-15.0.2\bin\nio.dll
0x00007ffd2cc50000 - 0x00007ffd2cc6a000 	C:\Program Files\JetBrains\IntelliJ IDEA 2020.2.3\bin\breakgen64.dll
0x00007ffd32aa0000 - 0x00007ffd32b66000 	C:\Windows\SYSTEM32\DNSAPI.dll
0x00007ffd37080000 - 0x00007ffd37088000 	C:\Windows\System32\NSI.dll
0x00007ffd32a60000 - 0x00007ffd32a9d000 	C:\Windows\SYSTEM32\IPHLPAPI.DLL
0x0000000063560000 - 0x0000000063569000 	C:\Program Files\National Instruments\Shared\mDNS Responder\nimdnsNSP.dll
0x0000000056690000 - 0x0000000056733000 	C:\Windows\WinSxS\amd64_microsoft.vc90.crt_1fc8b3b9a1e18e3b_9.0.30729.9518_none_08e07c8fa840efbe\MSVCR90.dll
0x0000000063550000 - 0x000000006355e000 	C:\Windows\SYSTEM32\nimdnsResponder.dll
0x00007ffd2b2e0000 - 0x00007ffd2b2ea000 	C:\Windows\System32\rasadhlp.dll
0x00007ffd2c180000 - 0x00007ffd2c1f9000 	C:\Windows\System32\fwpuclnt.dll
0x00007ffd33560000 - 0x00007ffd33586000 	C:\Windows\System32\bcrypt.dll
0x00007ffd2cc40000 - 0x00007ffd2cc49000 	C:\Users\Ostap\.jdks\openjdk-15.0.2\bin\management.dll
0x00007ffd2cc30000 - 0x00007ffd2cc3b000 	C:\Users\Ostap\.jdks\openjdk-15.0.2\bin\management_ext.dll
0x00007ffd328c0000 - 0x00007ffd328f3000 	C:\Windows\system32\rsaenh.dll
0x00007ffd333c0000 - 0x00007ffd333e8000 	C:\Windows\SYSTEM32\USERENV.dll
0x00007ffd32ed0000 - 0x00007ffd32edc000 	C:\Windows\SYSTEM32\CRYPTBASE.dll
0x00007ffd2bc10000 - 0x00007ffd2bc26000 	C:\Windows\SYSTEM32\dhcpcsvc6.DLL
0x00007ffd2bf20000 - 0x00007ffd2bf3c000 	C:\Windows\SYSTEM32\dhcpcsvc.DLL
0x00007ffd231a0000 - 0x00007ffd231b6000 	C:\Windows\system32\napinsp.dll
0x00007ffd23180000 - 0x00007ffd2319a000 	C:\Windows\system32\pnrpnsp.dll
0x00007ffd23170000 - 0x00007ffd2317e000 	C:\Windows\System32\winrnr.dll
0x00007ffd301f0000 - 0x00007ffd3020b000 	C:\Windows\system32\NLAapi.dll
0x00007ffd23150000 - 0x00007ffd23165000 	C:\Windows\system32\wshbth.dll

dbghelp: loaded successfully - version: 4.0.5 - missing functions: none
symbol engine: initialized successfully - sym options: 0x614 - pdb path: .;C:\Users\Ostap\.jdks\openjdk-15.0.2\bin;C:\Windows\SYSTEM32;C:\Windows\WinSxS\amd64_microsoft.windows.common-controls_6595b64144ccf1df_6.0.17763.615_none_05b4414a072024d4;C:\Users\Ostap\.jdks\openjdk-15.0.2\bin\server;C:\Program Files\JetBrains\IntelliJ IDEA 2020.2.3\bin;C:\Program Files\National Instruments\Shared\mDNS Responder;C:\Windows\WinSxS\amd64_microsoft.vc90.crt_1fc8b3b9a1e18e3b_9.0.30729.9518_none_08e07c8fa840efbe

VM Arguments:
jvm_args: -XX:TieredStopAtLevel=1 -Xverify:none -Dspring.output.ansi.enabled=always -Dcom.sun.management.jmxremote -Dspring.jmx.enabled=true -Dspring.liveBeansView.mbeanDomain -Dspring.application.admin.enabled=true -javaagent:C:\Program Files\JetBrains\IntelliJ IDEA 2020.2.3\lib\idea_rt.jar=59716:C:\Program Files\JetBrains\IntelliJ IDEA 2020.2.3\bin -Dfile.encoding=UTF-8 
java_command: net.cyberdone.commutator.CommutatorApplication
java_class_path (initial): D:\CyberDone\6channalController\Version1.0\SERVER\commutator\target\classes;C:\Users\Ostap\AppData\Roaming\JetBrains\IntelliJIdea2020.2\javascript\extLibs\http_code.jquery.com_jquery-3.2.1.slim.js;C:\Users\Ostap\AppData\Roaming\JetBrains\IntelliJIdea2020.2\javascript\extLibs\http_cdn.jsdelivr.net_npm_boxicons@latest_css_boxicons.css;C:\Users\Ostap\AppData\Roaming\JetBrains\IntelliJIdea2020.2\javascript\extLibs\http_use.fontawesome.com_releases_v5.7.2_css_all.css;C:\Users\Ostap\.m2\repository\org\springframework\boot\spring-boot-starter-data-jpa\2.4.3\spring-boot-starter-data-jpa-2.4.3.jar;C:\Users\Ostap\.m2\repository\org\springframework\boot\spring-boot-starter-aop\2.4.3\spring-boot-starter-aop-2.4.3.jar;C:\Users\Ostap\.m2\repository\org\springframework\spring-aop\5.3.4\spring-aop-5.3.4.jar;C:\Users\Ostap\.m2\repository\org\aspectj\aspectjweaver\1.9.6\aspectjweaver-1.9.6.jar;C:\Users\Ostap\.m2\repository\org\springframework\boot\spring-boot-starter-jdbc\2.4.3\spring-boot-starter-jdbc-2.4.3.jar;C:\Users\Ostap\.m2\repository\com\zaxxer\HikariCP\3.4.5\HikariCP-3.4.5.jar;C:\Users\Ostap\.m2\repository\org\springframework\spring-jdbc\5.3.4\spring-jdbc-5.3.4.jar;C:\Users\Ostap\.m2\repository\jakarta\transaction\jakarta.transaction-api\1.3.3\jakarta.transaction-api-1.3.3.jar;C:\Users\Ostap\.m2\repository\jakarta\persistence\jakarta.persistence-api\2.2.3\jakarta.persistence-api-2.2.3.jar;C:\Users\Ostap\.m2\repository\org\hibernate\hibernate-core\5.4.28.Final\hibernate-core-5.4.28.Final.jar;C:\Users\Ostap\.m2\repository\org\jboss\logging\jboss-logging\3.4.1.Final\jboss-logging-3.4.1.Final.jar;C:\Users\Ostap\.m2\repository\org\javassist\javassist\3.27.0-GA\javassist-3.27.0-GA.jar;C:\Users\Ostap\.m2\repository\net\bytebuddy\byte-buddy\1.10.20\byte-buddy-1.10.20.jar;C:\Users\Ostap\.m2\repository\antlr\antlr\2.7.7\antlr-2.7.7.jar;C:\Users\Ostap\.m2\repository\org\jboss\jandex\2.2.3.Final\jandex-2.2.3.Final.jar;C:\Users\Ostap\.m2\repository\com\faster
Launcher Type: SUN_STANDARD

[Global flags]
     intx CICompilerCount                          = 4                                         {product} {ergonomic}
     uint ConcGCThreads                            = 2                                         {product} {ergonomic}
     uint G1ConcRefinementThreads                  = 8                                         {product} {ergonomic}
   size_t G1HeapRegionSize                         = 1048576                                   {product} {ergonomic}
    uintx GCDrainStackTargetSize                   = 64                                        {product} {ergonomic}
   size_t InitialHeapSize                          = 134217728                                 {product} {ergonomic}
     bool ManagementServer                         = true                                      {product} {command line}
   size_t MarkStackSize                            = 4194304                                   {product} {ergonomic}
   size_t MaxHeapSize                              = 2134900736                                {product} {ergonomic}
   size_t MaxNewSize                               = 1280311296                                {product} {ergonomic}
   size_t MinHeapDeltaBytes                        = 1048576                                   {product} {ergonomic}
   size_t MinHeapSize                              = 8388608                                   {product} {ergonomic}
    uintx NonNMethodCodeHeapSize                   = 7549744                                {pd product} {ergonomic}
    uintx NonProfiledCodeHeapSize                  = 244108496                              {pd product} {ergonomic}
    uintx ProfiledCodeHeapSize                     = 0                                      {pd product} {ergonomic}
    uintx ReservedCodeCacheSize                    = 251658240                              {pd product} {ergonomic}
     bool SegmentedCodeCache                       = true                                      {product} {ergonomic}
   size_t SoftMaxHeapSize                          = 2134900736                             {manageable} {ergonomic}
     intx TieredStopAtLevel                        = 1                                         {product} {command line}
     bool UseCompressedClassPointers               = true                                 {lp64_product} {ergonomic}
     bool UseCompressedOops                        = true                                 {lp64_product} {ergonomic}
     bool UseG1GC                                  = true                                      {product} {ergonomic}
     bool UseLargePagesIndividualAllocation        = false                                  {pd product} {ergonomic}

Logging:
Log output configuration:
 #0: stdout all=warning uptime,level,tags
 #1: stderr all=off uptime,level,tags

Environment Variables:
PATH=C:\Program Files (x86)\Common Files\Oracle\Java\javapath;C:\Program Files (x86)\STMicroelectronics\st_toolset\asm;C:\Python38\Scripts\;C:\Python38\;C:\Windows\system32;C:\Windows;C:\Windows\System32\Wbem;C:\Windows\System32\WindowsPowerShell\v1.0\;C:\Windows\System32\OpenSSH\;C:\Program Files\Git\cmd;C:\Program Files\nodejs\;C:\ProgramData\chocolatey\bin;C:\Program Files\Java\jdk1.8.0_271\bin;C:\Program Files\Java\gwt-2.9.0\gwt-2.9.0;C:\Program Files\Polyspace\R2019b\runtime\win64;C:\Program Files\Polyspace\R2019b\bin;C:\Program Files\Polyspace\R2019b\polyspace\bin;C:\Program Files\Microsoft SQL Server\130\Tools\Binn\;C:\Program Files\ApacheTomcat\apache-tomcat-8.5.63\bin;C:\Program Files (x86)\STMicroelectronics\STM32 ST-LINK Utility\ST-LINK Utility;C:\Program Files\STMicroelectronics\STM32Cube\STM32CubeProgrammer\bin;C:\Program Files\MySQL\MySQL Shell 8.0\bin\;C:\Users\Ostap\AppData\Local\Microsoft\WindowsApps;C:\Users\Ostap\AppData\Roaming\npm;C:\Program Files\JetBrains\IntelliJ IDEA 2020.2.2\bin;C:\Program Files\Java\jdk-14.0.2\bin;C:\Program Files\JetBrains\WebStorm 2020.2.2\bin;C:\Program Files\Java\gwt-2.9.0\gwt-2.9.0;C:\Program Files\JetBrains\IntelliJ IDEA 2020.2.3\bin;;C:\Program Files\JetBrains\CLion 2020.3\bin;;C:\Program Files\STMicroelectronics\STM32Cube\STM32CubeProgrammer\bin;
USERNAME=Ostap
OS=Windows_NT
PROCESSOR_IDENTIFIER=Intel64 Family 6 Model 42 Stepping 7, GenuineIntel



---------------  S Y S T E M  ---------------

OS:
 Windows 10 , 64 bit Build 17763 (10.0.17763.475)
OS uptime: 4 days 15:19 hours

CPU: total 8 (initial active 8) (4 cores per cpu, 2 threads per core) family 6 model 42 stepping 7 microcode 0x2e, cmov, cx8, fxsr, mmx, sse, sse2, sse3, ssse3, sse4.1, sse4.2, popcnt, vzeroupper, avx, aes, clmul, ht, tsc, tscinvbit, clflush

Memory: 4k page, system-wide physical 8142M (809M free)
TotalPageFile size 12254M (AvailPageFile size 3M)
current process WorkingSet (physical memory assigned to process): 154M, peak: 154M
current process commit charge ("private bytes"): 242M, peak: 243M

vm_info: OpenJDK 64-Bit Server VM (15.0.2+7-27) for windows-amd64 JRE (15.0.2+7-27), built on Dec  7 2020 20:02:38 by "mach5one" with unknown MS VC++:1925

END.
